Log file open, 02/22/21 20:28:05
LogInit: Display: Running engine for game: MyProject
LogPlatformFile: Not using cached read wrapper
LogTaskGraph: Started task graph with 5 named threads and 35 total threads with 3 sets of task threads.
LogStats: Stats thread started at 0.393684
LogD3D11RHI: Loaded GFSDK_Aftermath_Lib.x64.dll
LogICUInternationalization: ICU TimeZone Detection - Raw Offset: +2:00, Platform Override: ''
LogPluginManager: Mounting plugin Paper2D
LogPluginManager: Mounting plugin AISupport
LogPluginManager: Mounting plugin LightPropagationVolume
LogPluginManager: Mounting plugin CameraShakePreviewer
LogPluginManager: Mounting plugin ActorLayerUtilities
LogPluginManager: Mounting plugin AnimationSharing
LogPluginManager: Mounting plugin CLionSourceCodeAccess
LogPluginManager: Mounting plugin CodeLiteSourceCodeAccess
LogPluginManager: Mounting plugin GitSourceControl
LogPluginManager: Mounting plugin KDevelopSourceCodeAccess
LogPluginManager: Mounting plugin NullSourceCodeAccess
LogPluginManager: Mounting plugin PerforceSourceControl
LogPluginManager: Mounting plugin PlasticSourceControl
LogPluginManager: Mounting plugin RiderSourceCodeAccess
LogPluginManager: Mounting plugin SubversionSourceControl
LogPluginManager: Mounting plugin UObjectPlugin
LogPluginManager: Mounting plugin VisualStudioCodeSourceCodeAccess
LogPluginManager: Mounting plugin VisualStudioSourceCodeAccess
LogPluginManager: Mounting plugin XCodeSourceCodeAccess
LogPluginManager: Mounting plugin AssetManagerEditor
LogPluginManager: Mounting plugin CryptoKeys
LogPluginManager: Mounting plugin CurveEditorTools
LogPluginManager: Mounting plugin DataValidation
LogPluginManager: Mounting plugin EditorScriptingUtilities
LogPluginManager: Mounting plugin FacialAnimation
LogPluginManager: Mounting plugin GameplayTagsEditor
LogPluginManager: Mounting plugin GeometryMode
LogPluginManager: Mounting plugin MacGraphicsSwitching
LogPluginManager: Mounting plugin MaterialAnalyzer
LogPluginManager: Mounting plugin MobileLauncherProfileWizard
LogPluginManager: Mounting plugin PluginBrowser
LogPluginManager: Mounting plugin SpeedTreeImporter
LogPluginManager: Mounting plugin DatasmithContent
LogPluginManager: Mounting plugin VariantManagerContent
LogPluginManager: Mounting plugin AlembicImporter
LogPluginManager: Mounting plugin AutomationUtils
LogPluginManager: Mounting plugin BackChannel
LogPluginManager: Mounting plugin ChaosCloth
LogPluginManager: Mounting plugin ChaosClothEditor
LogPluginManager: Mounting plugin ChaosEditor
LogPluginManager: Mounting plugin ChaosNiagara
LogPluginManager: Mounting plugin ChaosSolverPlugin
LogPluginManager: Mounting plugin CharacterAI
LogPluginManager: Mounting plugin GeometryCache
LogPluginManager: Mounting plugin GeometryCollectionPlugin
LogPluginManager: Mounting plugin GeometryProcessing
LogPluginManager: Mounting plugin PlanarCut
LogPluginManager: Mounting plugin PlatformCrypto
LogPluginManager: Mounting plugin ProxyLODPlugin
LogPluginManager: Mounting plugin PythonScriptPlugin
LogPluginManager: Mounting plugin SkeletalReduction
LogPluginManager: Mounting plugin Niagara
LogPluginManager: Mounting plugin MagicLeap
LogPluginManager: Mounting plugin MagicLeapLightEstimation
LogPluginManager: Mounting plugin MagicLeapMedia
LogPluginManager: Mounting plugin MagicLeapPassableWorld
LogPluginManager: Mounting plugin MLSDK
LogPluginManager: Mounting plugin AndroidMedia
LogPluginManager: Mounting plugin AvfMedia
LogPluginManager: Mounting plugin ImgMedia
LogPluginManager: Mounting plugin MediaCompositing
LogPluginManager: Mounting plugin MediaPlayerEditor
LogPluginManager: Mounting plugin WebMMedia
LogPluginManager: Mounting plugin WmfMedia
LogPluginManager: Mounting plugin MegascansPlugin
LogPluginManager: Mounting plugin MeshPainting
LogPluginManager: Mounting plugin TcpMessaging
LogPluginManager: Mounting plugin UdpMessaging
LogPluginManager: Mounting plugin ActorSequence
LogPluginManager: Mounting plugin LevelSequenceEditor
LogPluginManager: Mounting plugin MatineeToLevelSequence
LogPluginManager: Mounting plugin MovieRenderPipeline
LogPluginManager: Mounting plugin TemplateSequence
LogPluginManager: Mounting plugin NetcodeUnitTest
LogPluginManager: Mounting plugin NUTUnrealEngine4
LogPluginManager: Mounting plugin OnlineSubsystemGooglePlay
LogPluginManager: Mounting plugin OnlineSubsystemIOS
LogPluginManager: Mounting plugin OnlineSubsystem
LogPluginManager: Mounting plugin OnlineSubsystemNull
LogPluginManager: Mounting plugin OnlineSubsystemUtils
LogPluginManager: Mounting plugin LauncherChunkInstaller
LogPluginManager: Mounting plugin AndroidDeviceProfileSelector
LogPluginManager: Mounting plugin AndroidMoviePlayer
LogPluginManager: Mounting plugin AndroidPermission
LogPluginManager: Mounting plugin AppleImageUtils
LogPluginManager: Mounting plugin AppleMoviePlayer
LogPluginManager: Mounting plugin ArchVisCharacter
LogPluginManager: Mounting plugin AssetTags
LogPluginManager: Mounting plugin AudioCapture
LogPluginManager: Mounting plugin CableComponent
LogPluginManager: Mounting plugin CustomMeshComponent
LogPluginManager: Mounting plugin DatabaseSupport
LogPluginManager: Mounting plugin SQLiteCore
LogPluginManager: Mounting plugin SQLiteSupport
LogPluginManager: Mounting plugin EditableMesh
LogPluginManager: Mounting plugin ExampleDeviceProfileSelector
LogPluginManager: Mounting plugin GoogleCloudMessaging
LogPluginManager: Mounting plugin GooglePAD
LogPluginManager: Mounting plugin IOSDeviceProfileSelector
LogPluginManager: Mounting plugin LinuxDeviceProfileSelector
LogPluginManager: Mounting plugin LocationServicesBPLibrary
LogPluginManager: Mounting plugin MobilePatchingUtils
LogPluginManager: Mounting plugin OculusVR
LogPluginManager: Mounting plugin PhysXVehicles
LogPluginManager: Mounting plugin PostSplashScreen
LogPluginManager: Mounting plugin ProceduralMeshComponent
LogPluginManager: Mounting plugin RuntimePhysXCooking
LogPluginManager: Mounting plugin SignificanceManager
LogPluginManager: Mounting plugin SoundFields
LogPluginManager: Mounting plugin SteamVR
LogPluginManager: Mounting plugin Synthesis
LogPluginManager: Mounting plugin WebMMoviePlayer
LogPluginManager: Mounting plugin WindowsMoviePlayer
LogPluginManager: Mounting plugin ScreenshotTools
LogInit: Using libcurl 7.55.1-DEV
LogInit:  - built for x86_64-pc-win32
LogInit:  - supports SSL with OpenSSL/1.1.1
LogInit:  - supports HTTP deflate (compression) using libz 1.2.8
LogInit:  - other features:
LogInit:      CURL_VERSION_SSL
LogInit:      CURL_VERSION_LIBZ
LogInit:      CURL_VERSION_IPV6
LogInit:      CURL_VERSION_ASYNCHDNS
LogInit:      CURL_VERSION_LARGEFILE
LogInit:      CURL_VERSION_IDN
LogInit:  CurlRequestOptions (configurable via config and command line):
LogInit:  - bVerifyPeer = true  - Libcurl will verify peer certificate
LogInit:  - bUseHttpProxy = false  - Libcurl will NOT use HTTP proxy
LogInit:  - bDontReuseConnections = false  - Libcurl will reuse connections
LogInit:  - MaxHostConnections = 16  - Libcurl will limit the number of connections to a host
LogInit:  - LocalHostAddr = Default
LogInit:  - BufferSize = 65536
LogOnline: OSS: Creating online subsystem instance for: NULL
LogInit: WinSock: version 1.1 (2.2), MaxSocks=32767, MaxUdp=65467
LogOnline: OSS: TryLoadSubsystemAndSetDefault: Loaded subsystem for module [NULL]
LogInit: Build: ++UE4+Release-4.25-CL-13942748
LogInit: Engine Version: 4.25.3-13942748+++UE4+Release-4.25
LogInit: Compatible Engine Version: 4.25.0-13144385+++UE4+Release-4.25
LogInit: Net CL: 13144385
LogInit: OS: Windows 10 (Release 1809) (), CPU: AMD Ryzen 5 2600X Six-Core Processor           , GPU: NVIDIA GeForce RTX 2060
LogInit: Compiled (64-bit): Jul 25 2020 02:07:48
LogInit: Compiled with Visual C++: 19.24.28315.00
LogInit: Build Configuration: Development
LogInit: Branch Name: ++UE4+Release-4.25
LogInit: Command Line: 
LogInit: Base Directory: D:/Program Files/Epic Games/UE_4.25/Engine/Binaries/Win64/
LogInit: Allocator: TBB
LogInit: Installed Engine Build: 1
LogDevObjectVersion: Number of dev versions registered: 26
LogDevObjectVersion:   Dev-Blueprints (B0D832E4-1F89-4F0D-ACCF-7EB736FD4AA2): 10
LogDevObjectVersion:   Dev-Build (E1C64328-A22C-4D53-A36C-8E866417BD8C): 0
LogDevObjectVersion:   Dev-Core (375EC13C-06E4-48FB-B500-84F0262A717E): 4
LogDevObjectVersion:   Dev-Editor (E4B068ED-F494-42E9-A231-DA0B2E46BB41): 38
LogDevObjectVersion:   Dev-Framework (CFFC743F-43B0-4480-9391-14DF171D2073): 37
LogDevObjectVersion:   Dev-Mobile (B02B49B5-BB20-44E9-A304-32B752E40360): 2
LogDevObjectVersion:   Dev-Networking (A4E4105C-59A1-49B5-A7C5-40C4547EDFEE): 0
LogDevObjectVersion:   Dev-Online (39C831C9-5AE6-47DC-9A44-9C173E1C8E7C): 0
LogDevObjectVersion:   Dev-Physics (78F01B33-EBEA-4F98-B9B4-84EACCB95AA2): 4
LogDevObjectVersion:   Dev-Platform (6631380F-2D4D-43E0-8009-CF276956A95A): 0
LogDevObjectVersion:   Dev-Rendering (12F88B9F-8875-4AFC-A67C-D90C383ABD29): 43
LogDevObjectVersion:   Dev-Sequencer (7B5AE74C-D270-4C10-A958-57980B212A5A): 12
LogDevObjectVersion:   Dev-VR (D7296918-1DD6-4BDD-9DE2-64A83CC13884): 3
LogDevObjectVersion:   Dev-LoadTimes (C2A15278-BFE7-4AFE-6C17-90FF531DF755): 1
LogDevObjectVersion:   Private-Geometry (6EACA3D4-40EC-4CC1-B786-8BED09428FC5): 3
LogDevObjectVersion:   Dev-AnimPhys (29E575DD-E0A3-4627-9D10-D276232CDCEA): 17
LogDevObjectVersion:   Dev-Anim (AF43A65D-7FD3-4947-9873-3E8ED9C1BB05): 7
LogDevObjectVersion:   Dev-ReflectionCapture (6B266CEC-1EC7-4B8F-A30B-E4D90942FC07): 1
LogDevObjectVersion:   Dev-Automation (0DF73D61-A23F-47EA-B727-89E90C41499A): 1
LogDevObjectVersion:   FortniteMain (601D1886-AC64-4F84-AA16-D3DE0DEAC7D6): 31
LogDevObjectVersion:   Dev-Enterprise (9DFFBCD6-494F-0158-E221-12823C92A888): 10
LogDevObjectVersion:   Dev-Niagara (F2AED0AC-9AFE-416F-8664-AA7FFA26D6FC): 1
LogDevObjectVersion:   Dev-Destruction (174F1F0B-B4C6-45A5-B13F-2EE8D0FB917D): 10
LogDevObjectVersion:   Dev-Physics-Ext (35F94A83-E258-406C-A318-09F59610247C): 37
LogDevObjectVersion:   Dev-PhysicsMaterial-Chaos (B68FC16E-8B1B-42E2-B453-215C058844FE): 1
LogDevObjectVersion:   Dev-CineCamera (B2E18506-4273-CFC2-A54E-F4BB758BBA07): 1
LogInit: Presizing for max 25165824 objects, including 0 objects not considered by GC, pre-allocating 0 bytes for permanent pool.
LogConfig: Applying CVar settings from Section [/Script/Engine.StreamingSettings] File [D:/GitHub/UnrealGit-Test/MyProject/Saved/Config/Windows/Engine.ini]
LogConfig: Setting CVar [[s.MinBulkDataSizeForAsyncLoading:131072]]
LogConfig: Setting CVar [[s.AsyncLoadingThreadEnabled:0]]
LogConfig: Setting CVar [[s.EventDrivenLoaderEnabled:1]]
LogConfig: Setting CVar [[s.WarnIfTimeLimitExceeded:0]]
LogConfig: Setting CVar [[s.TimeLimitExceededMultiplier:1.5]]
LogConfig: Setting CVar [[s.TimeLimitExceededMinTime:0.005]]
LogConfig: Setting CVar [[s.UseBackgroundLevelStreaming:1]]
LogConfig: Setting CVar [[s.PriorityAsyncLoadingExtraTime:15.0]]
LogConfig: Setting CVar [[s.LevelStreamingActorsUpdateTimeLimit:5.0]]
LogConfig: Setting CVar [[s.PriorityLevelStreamingActorsUpdateExtraTime:5.0]]
LogConfig: Setting CVar [[s.LevelStreamingComponentsRegistrationGranularity:10]]
LogConfig: Setting CVar [[s.UnregisterComponentsTimeLimit:1.0]]
LogConfig: Setting CVar [[s.LevelStreamingComponentsUnregistrationGranularity:5]]
LogConfig: Setting CVar [[s.FlushStreamingOnExit:1]]
LogInit: Object subsystem initialized
LogConfig: Setting CVar [[con.DebugEarlyDefault:1]]
LogConfig: Setting CVar [[r.setres:1280x720]]
[2021.02.22-18.28.05:806][  0]LogConfig: Setting CVar [[r.VSync:0]]
[2021.02.22-18.28.05:806][  0]LogConfig: Setting CVar [[r.RHICmdBypass:0]]
[2021.02.22-18.28.05:806][  0]LogConfig: Applying CVar settings from Section [/Script/Engine.RendererSettings] File [D:/GitHub/UnrealGit-Test/MyProject/Saved/Config/Windows/Engine.ini]
[2021.02.22-18.28.05:806][  0]LogConfig: Setting CVar [[r.GPUCrashDebugging:0]]
[2021.02.22-18.28.05:806][  0]LogConfig: Applying CVar settings from Section [/Script/Engine.RendererOverrideSettings] File [D:/GitHub/UnrealGit-Test/MyProject/Saved/Config/Windows/Engine.ini]
[2021.02.22-18.28.05:806][  0]LogConfig: Applying CVar settings from Section [/Script/Engine.StreamingSettings] File [D:/GitHub/UnrealGit-Test/MyProject/Saved/Config/Windows/Engine.ini]
[2021.02.22-18.28.05:806][  0]LogConfig: Setting CVar [[s.MinBulkDataSizeForAsyncLoading:131072]]
[2021.02.22-18.28.05:806][  0]LogConfig: Setting CVar [[s.AsyncLoadingThreadEnabled:0]]
[2021.02.22-18.28.05:806][  0]LogConfig: Setting CVar [[s.EventDrivenLoaderEnabled:1]]
[2021.02.22-18.28.05:806][  0]LogConfig: Setting CVar [[s.WarnIfTimeLimitExceeded:0]]
[2021.02.22-18.28.05:806][  0]LogConfig: Setting CVar [[s.TimeLimitExceededMultiplier:1.5]]
[2021.02.22-18.28.05:806][  0]LogConfig: Setting CVar [[s.TimeLimitExceededMinTime:0.005]]
[2021.02.22-18.28.05:806][  0]LogConfig: Setting CVar [[s.UseBackgroundLevelStreaming:1]]
[2021.02.22-18.28.05:806][  0]LogConfig: Setting CVar [[s.PriorityAsyncLoadingExtraTime:15.0]]
[2021.02.22-18.28.05:806][  0]LogConfig: Setting CVar [[s.LevelStreamingActorsUpdateTimeLimit:5.0]]
[2021.02.22-18.28.05:806][  0]LogConfig: Setting CVar [[s.PriorityLevelStreamingActorsUpdateExtraTime:5.0]]
[2021.02.22-18.28.05:806][  0]LogConfig: Setting CVar [[s.LevelStreamingComponentsRegistrationGranularity:10]]
[2021.02.22-18.28.05:806][  0]LogConfig: Setting CVar [[s.UnregisterComponentsTimeLimit:1.0]]
[2021.02.22-18.28.05:806][  0]LogConfig: Setting CVar [[s.LevelStreamingComponentsUnregistrationGranularity:5]]
[2021.02.22-18.28.05:806][  0]LogConfig: Setting CVar [[s.FlushStreamingOnExit:1]]
[2021.02.22-18.28.05:806][  0]LogConfig: Applying CVar settings from Section [/Script/Engine.GarbageCollectionSettings] File [D:/GitHub/UnrealGit-Test/MyProject/Saved/Config/Windows/Engine.ini]
[2021.02.22-18.28.05:806][  0]LogConfig: Setting CVar [[gc.MaxObjectsNotConsideredByGC:1]]
[2021.02.22-18.28.05:806][  0]LogConfig: Setting CVar [[gc.SizeOfPermanentObjectPool:0]]
[2021.02.22-18.28.05:806][  0]LogConfig: Setting CVar [[gc.FlushStreamingOnGC:0]]
[2021.02.22-18.28.05:806][  0]LogConfig: Setting CVar [[gc.NumRetriesBeforeForcingGC:10]]
[2021.02.22-18.28.05:806][  0]LogConfig: Setting CVar [[gc.AllowParallelGC:1]]
[2021.02.22-18.28.05:806][  0]LogConfig: Setting CVar [[gc.TimeBetweenPurgingPendingKillObjects:61.1]]
[2021.02.22-18.28.05:806][  0]LogConfig: Setting CVar [[gc.MaxObjectsInEditor:25165824]]
[2021.02.22-18.28.05:807][  0]LogConfig: Setting CVar [[gc.IncrementalBeginDestroyEnabled:1]]
[2021.02.22-18.28.05:807][  0]LogConfig: Setting CVar [[gc.CreateGCClusters:1]]
[2021.02.22-18.28.05:807][  0]LogConfig: Setting CVar [[gc.MinGCClusterSize:5]]
[2021.02.22-18.28.05:807][  0]LogConfig: Setting CVar [[gc.ActorClusteringEnabled:0]]
[2021.02.22-18.28.05:807][  0]LogConfig: Setting CVar [[gc.BlueprintClusteringEnabled:0]]
[2021.02.22-18.28.05:807][  0]LogConfig: Setting CVar [[gc.UseDisregardForGCOnDedicatedServers:0]]
[2021.02.22-18.28.05:807][  0]LogConfig: Applying CVar settings from Section [/Script/Engine.NetworkSettings] File [D:/GitHub/UnrealGit-Test/MyProject/Saved/Config/Windows/Engine.ini]
[2021.02.22-18.28.05:807][  0]LogConfig: Applying CVar settings from Section [/Script/UnrealEd.CookerSettings] File [D:/GitHub/UnrealGit-Test/MyProject/Saved/Config/Windows/Engine.ini]
[2021.02.22-18.28.05:811][  0]LogConfig: Applying CVar settings from Section [ViewDistanceQuality@3] File [D:/GitHub/UnrealGit-Test/MyProject/Saved/Config/Windows/Scalability.ini]
[2021.02.22-18.28.05:812][  0]LogConfig: Setting CVar [[r.SkeletalMeshLODBias:0]]
[2021.02.22-18.28.05:812][  0]LogConfig: Setting CVar [[r.ViewDistanceScale:1.0]]
[2021.02.22-18.28.05:812][  0]LogConfig: Applying CVar settings from Section [AntiAliasingQuality@3] File [D:/GitHub/UnrealGit-Test/MyProject/Saved/Config/Windows/Scalability.ini]
[2021.02.22-18.28.05:812][  0]LogConfig: Setting CVar [[r.PostProcessAAQuality:4]]
[2021.02.22-18.28.05:812][  0]LogConfig: Applying CVar settings from Section [ShadowQuality@3] File [D:/GitHub/UnrealGit-Test/MyProject/Saved/Config/Windows/Scalability.ini]
[2021.02.22-18.28.05:812][  0]LogConfig: Setting CVar [[r.LightFunctionQuality:1]]
[2021.02.22-18.28.05:812][  0]LogConfig: Setting CVar [[r.ShadowQuality:5]]
[2021.02.22-18.28.05:812][  0]LogConfig: Setting CVar [[r.Shadow.CSM.MaxCascades:10]]
[2021.02.22-18.28.05:812][  0]LogConfig: Setting CVar [[r.Shadow.MaxResolution:2048]]
[2021.02.22-18.28.05:812][  0]LogConfig: Setting CVar [[r.Shadow.MaxCSMResolution:2048]]
[2021.02.22-18.28.05:812][  0]LogConfig: Setting CVar [[r.Shadow.RadiusThreshold:0.01]]
[2021.02.22-18.28.05:812][  0]LogConfig: Setting CVar [[r.Shadow.DistanceScale:1.0]]
[2021.02.22-18.28.05:812][  0]LogConfig: Setting CVar [[r.Shadow.CSM.TransitionScale:1.0]]
[2021.02.22-18.28.05:812][  0]LogConfig: Setting CVar [[r.Shadow.PreShadowResolutionFactor:1.0]]
[2021.02.22-18.28.05:812][  0]LogConfig: Setting CVar [[r.DistanceFieldShadowing:1]]
[2021.02.22-18.28.05:812][  0]LogConfig: Setting CVar [[r.DistanceFieldAO:1]]
[2021.02.22-18.28.05:812][  0]LogConfig: Setting CVar [[r.AOQuality:2]]
[2021.02.22-18.28.05:812][  0]LogConfig: Setting CVar [[r.VolumetricFog:1]]
[2021.02.22-18.28.05:812][  0]LogConfig: Setting CVar [[r.VolumetricFog.GridPixelSize:8]]
[2021.02.22-18.28.05:812][  0]LogConfig: Setting CVar [[r.VolumetricFog.GridSizeZ:128]]
[2021.02.22-18.28.05:812][  0]LogConfig: Setting CVar [[r.VolumetricFog.HistoryMissSupersampleCount:4]]
[2021.02.22-18.28.05:812][  0]LogConfig: Setting CVar [[r.LightMaxDrawDistanceScale:1]]
[2021.02.22-18.28.05:812][  0]LogConfig: Setting CVar [[r.CapsuleShadows:1]]
[2021.02.22-18.28.05:812][  0]LogConfig: Applying CVar settings from Section [PostProcessQuality@3] File [D:/GitHub/UnrealGit-Test/MyProject/Saved/Config/Windows/Scalability.ini]
[2021.02.22-18.28.05:812][  0]LogConfig: Setting CVar [[r.MotionBlurQuality:4]]
[2021.02.22-18.28.05:812][  0]LogConfig: Setting CVar [[r.AmbientOcclusionMipLevelFactor:0.4]]
[2021.02.22-18.28.05:812][  0]LogConfig: Setting CVar [[r.AmbientOcclusionMaxQuality:100]]
[2021.02.22-18.28.05:812][  0]LogConfig: Setting CVar [[r.AmbientOcclusionLevels:-1]]
[2021.02.22-18.28.05:812][  0]LogConfig: Setting CVar [[r.AmbientOcclusionRadiusScale:1.0]]
[2021.02.22-18.28.05:812][  0]LogConfig: Setting CVar [[r.DepthOfFieldQuality:2]]
[2021.02.22-18.28.05:812][  0]LogConfig: Setting CVar [[r.RenderTargetPoolMin:400]]
[2021.02.22-18.28.05:812][  0]LogConfig: Setting CVar [[r.LensFlareQuality:2]]
[2021.02.22-18.28.05:812][  0]LogConfig: Setting CVar [[r.SceneColorFringeQuality:1]]
[2021.02.22-18.28.05:812][  0]LogConfig: Setting CVar [[r.EyeAdaptationQuality:2]]
[2021.02.22-18.28.05:813][  0]LogConfig: Setting CVar [[r.BloomQuality:5]]
[2021.02.22-18.28.05:813][  0]LogConfig: Setting CVar [[r.FastBlurThreshold:100]]
[2021.02.22-18.28.05:813][  0]LogConfig: Setting CVar [[r.Upscale.Quality:3]]
[2021.02.22-18.28.05:813][  0]LogConfig: Setting CVar [[r.Tonemapper.GrainQuantization:1]]
[2021.02.22-18.28.05:813][  0]LogConfig: Setting CVar [[r.LightShaftQuality:1]]
[2021.02.22-18.28.05:813][  0]LogConfig: Setting CVar [[r.Filter.SizeScale:1]]
[2021.02.22-18.28.05:813][  0]LogConfig: Setting CVar [[r.Tonemapper.Quality:5]]
[2021.02.22-18.28.05:813][  0]LogConfig: Setting CVar [[r.DOF.Gather.AccumulatorQuality:1        ; higher gathering accumulator quality]]
[2021.02.22-18.28.05:813][  0]LogConfig: Setting CVar [[r.DOF.Gather.PostfilterMethod:1          ; Median3x3 postfilering method]]
[2021.02.22-18.28.05:813][  0]LogConfig: Setting CVar [[r.DOF.Gather.EnableBokehSettings:0       ; no bokeh simulation when gathering]]
[2021.02.22-18.28.05:813][  0]LogConfig: Setting CVar [[r.DOF.Gather.RingCount:4                 ; medium number of samples when gathering]]
[2021.02.22-18.28.05:813][  0]LogConfig: Setting CVar [[r.DOF.Scatter.ForegroundCompositing:1    ; additive foreground scattering]]
[2021.02.22-18.28.05:813][  0]LogConfig: Setting CVar [[r.DOF.Scatter.BackgroundCompositing:2    ; additive background scattering]]
[2021.02.22-18.28.05:813][  0]LogConfig: Setting CVar [[r.DOF.Scatter.EnableBokehSettings:1      ; bokeh simulation when scattering]]
[2021.02.22-18.28.05:813][  0]LogConfig: Setting CVar [[r.DOF.Scatter.MaxSpriteRatio:0.1         ; only a maximum of 10% of scattered bokeh]]
[2021.02.22-18.28.05:813][  0]LogConfig: Setting CVar [[r.DOF.Recombine.Quality:1                ; cheap slight out of focus]]
[2021.02.22-18.28.05:813][  0]LogConfig: Setting CVar [[r.DOF.Recombine.EnableBokehSettings:0    ; no bokeh simulation on slight out of focus]]
[2021.02.22-18.28.05:813][  0]LogConfig: Setting CVar [[r.DOF.TemporalAAQuality:1                ; more stable temporal accumulation]]
[2021.02.22-18.28.05:813][  0]LogConfig: Setting CVar [[r.DOF.Kernel.MaxForegroundRadius:0.025]]
[2021.02.22-18.28.05:813][  0]LogConfig: Setting CVar [[r.DOF.Kernel.MaxBackgroundRadius:0.025]]
[2021.02.22-18.28.05:813][  0]LogConfig: Applying CVar settings from Section [TextureQuality@3] File [D:/GitHub/UnrealGit-Test/MyProject/Saved/Config/Windows/Scalability.ini]
[2021.02.22-18.28.05:813][  0]LogConfig: Setting CVar [[r.Streaming.MipBias:0]]
[2021.02.22-18.28.05:813][  0]LogConfig: Setting CVar [[r.Streaming.AmortizeCPUToGPUCopy:0]]
[2021.02.22-18.28.05:813][  0]LogConfig: Setting CVar [[r.Streaming.MaxNumTexturesToStreamPerFrame:0]]
[2021.02.22-18.28.05:813][  0]LogConfig: Setting CVar [[r.Streaming.Boost:1]]
[2021.02.22-18.28.05:813][  0]LogConfig: Setting CVar [[r.MaxAnisotropy:8]]
[2021.02.22-18.28.05:813][  0]LogConfig: Setting CVar [[r.VT.MaxAnisotropy:8]]
[2021.02.22-18.28.05:813][  0]LogConfig: Setting CVar [[r.Streaming.LimitPoolSizeToVRAM:0]]
[2021.02.22-18.28.05:813][  0]LogConfig: Setting CVar [[r.Streaming.PoolSize:1000]]
[2021.02.22-18.28.05:813][  0]LogConfig: Setting CVar [[r.Streaming.MaxEffectiveScreenSize:0]]
[2021.02.22-18.28.05:813][  0]LogConfig: Applying CVar settings from Section [EffectsQuality@3] File [D:/GitHub/UnrealGit-Test/MyProject/Saved/Config/Windows/Scalability.ini]
[2021.02.22-18.28.05:813][  0]LogConfig: Setting CVar [[r.TranslucencyLightingVolumeDim:64]]
[2021.02.22-18.28.05:813][  0]LogConfig: Setting CVar [[r.RefractionQuality:2]]
[2021.02.22-18.28.05:813][  0]LogConfig: Setting CVar [[r.SSR.Quality:3]]
[2021.02.22-18.28.05:813][  0]LogConfig: Setting CVar [[r.SSR.HalfResSceneColor:0]]
[2021.02.22-18.28.05:813][  0]LogConfig: Setting CVar [[r.SceneColorFormat:4]]
[2021.02.22-18.28.05:813][  0]LogConfig: Setting CVar [[r.DetailMode:2]]
[2021.02.22-18.28.05:814][  0]LogConfig: Setting CVar [[r.TranslucencyVolumeBlur:1]]
[2021.02.22-18.28.05:814][  0]LogConfig: Setting CVar [[r.MaterialQualityLevel:1 ; High quality]]
[2021.02.22-18.28.05:814][  0]LogConfig: Setting CVar [[r.SSS.Scale:1]]
[2021.02.22-18.28.05:814][  0]LogConfig: Setting CVar [[r.SSS.SampleSet:2]]
[2021.02.22-18.28.05:814][  0]LogConfig: Setting CVar [[r.SSS.Quality:1]]
[2021.02.22-18.28.05:814][  0]LogConfig: Setting CVar [[r.SSS.HalfRes:0]]
[2021.02.22-18.28.05:814][  0]LogConfig: Setting CVar [[r.SSGI.Quality:3]]
[2021.02.22-18.28.05:814][  0]LogConfig: Setting CVar [[r.EmitterSpawnRateScale:1.0]]
[2021.02.22-18.28.05:814][  0]LogConfig: Setting CVar [[r.ParticleLightQuality:2]]
[2021.02.22-18.28.05:814][  0]LogConfig: Setting CVar [[r.SkyAtmosphere.AerialPerspectiveLUT.FastApplyOnOpaque:1 ; Always have FastSkyLUT 1 in this case to avoid wrong sky]]
[2021.02.22-18.28.05:814][  0]LogConfig: Setting CVar [[r.SkyAtmosphere.AerialPerspectiveLUT.SampleCountPerSlice:1]]
[2021.02.22-18.28.05:814][  0]LogConfig: Setting CVar [[r.SkyAtmosphere.AerialPerspectiveLUT.DepthResolution:16.0]]
[2021.02.22-18.28.05:814][  0]LogConfig: Setting CVar [[r.SkyAtmosphere.FastSkyLUT:1]]
[2021.02.22-18.28.05:814][  0]LogConfig: Setting CVar [[r.SkyAtmosphere.FastSkyLUT.SampleCountMin:4.0]]
[2021.02.22-18.28.05:814][  0]LogConfig: Setting CVar [[r.SkyAtmosphere.FastSkyLUT.SampleCountMax:32.0]]
[2021.02.22-18.28.05:814][  0]LogConfig: Setting CVar [[r.SkyAtmosphere.SampleCountMin:4.0]]
[2021.02.22-18.28.05:814][  0]LogConfig: Setting CVar [[r.SkyAtmosphere.SampleCountMax:32.0]]
[2021.02.22-18.28.05:814][  0]LogConfig: Setting CVar [[r.SkyAtmosphere.TransmittanceLUT.UseSmallFormat:0]]
[2021.02.22-18.28.05:814][  0]LogConfig: Setting CVar [[r.SkyAtmosphere.TransmittanceLUT.SampleCount:10.0]]
[2021.02.22-18.28.05:814][  0]LogConfig: Setting CVar [[r.SkyAtmosphere.MultiScatteringLUT.SampleCount:15.0]]
[2021.02.22-18.28.05:814][  0]LogConfig: Applying CVar settings from Section [FoliageQuality@3] File [D:/GitHub/UnrealGit-Test/MyProject/Saved/Config/Windows/Scalability.ini]
[2021.02.22-18.28.05:814][  0]LogConfig: Setting CVar [[foliage.DensityScale:1.0]]
[2021.02.22-18.28.05:814][  0]LogConfig: Setting CVar [[grass.DensityScale:1.0]]
[2021.02.22-18.28.05:814][  0]LogConfig: Applying CVar settings from Section [ShadingQuality@3] File [D:/GitHub/UnrealGit-Test/MyProject/Saved/Config/Windows/Scalability.ini]
[2021.02.22-18.28.05:814][  0]LogConfig: Setting CVar [[r.HairStrands.SkyLighting.SampleCount:16]]
[2021.02.22-18.28.05:814][  0]LogConfig: Setting CVar [[r.HairStrands.SkyLighting.JitterIntegration:0]]
[2021.02.22-18.28.05:814][  0]LogConfig: Setting CVar [[r.HairStrands.SkyAO.SampleCount:16]]
[2021.02.22-18.28.05:814][  0]LogConfig: Setting CVar [[r.HairStrands.DeepShadow.SuperSampling:0]]
[2021.02.22-18.28.05:814][  0]LogConfig: Setting CVar [[r.HairStrands.VisibilityPPLL:0]]
[2021.02.22-18.28.05:814][  0]LogConfig: Setting CVar [[r.HairStrands.RasterizationScale:0.5]]
[2021.02.22-18.28.05:814][  0]LogConfig: Setting CVar [[r.HairStrands.VelocityRasterizationScale:1]]
[2021.02.22-18.28.05:815][  0]LogInit: Selected Device Profile: [Windows]
[2021.02.22-18.28.05:815][  0]LogInit: Applying CVar settings loaded from the selected device profile: [Windows]
[2021.02.22-18.28.05:815][  0]LogHAL: Display: Platform has ~ 8 GB [8536031232 / 8589934592 / 8], which maps to Default [LargestMinGB=32, LargerMinGB=12, DefaultMinGB=8, SmallerMinGB=6, SmallestMinGB=0)
[2021.02.22-18.28.05:815][  0]LogInit: Going up to parent DeviceProfile []
[2021.02.22-18.28.05:815][  0]LogConfig: Applying CVar settings from Section [ViewDistanceQuality@3] File [D:/GitHub/UnrealGit-Test/MyProject/Saved/Config/Windows/Scalability.ini]
[2021.02.22-18.28.05:815][  0]LogConfig: Setting CVar [[r.SkeletalMeshLODBias:0]]
[2021.02.22-18.28.05:815][  0]LogConfig: Setting CVar [[r.ViewDistanceScale:1.0]]
[2021.02.22-18.28.05:815][  0]LogConfig: Applying CVar settings from Section [AntiAliasingQuality@3] File [D:/GitHub/UnrealGit-Test/MyProject/Saved/Config/Windows/Scalability.ini]
[2021.02.22-18.28.05:815][  0]LogConfig: Setting CVar [[r.PostProcessAAQuality:4]]
[2021.02.22-18.28.05:815][  0]LogConfig: Applying CVar settings from Section [ShadowQuality@3] File [D:/GitHub/UnrealGit-Test/MyProject/Saved/Config/Windows/Scalability.ini]
[2021.02.22-18.28.05:815][  0]LogConfig: Setting CVar [[r.LightFunctionQuality:1]]
[2021.02.22-18.28.05:815][  0]LogConfig: Setting CVar [[r.ShadowQuality:5]]
[2021.02.22-18.28.05:815][  0]LogConfig: Setting CVar [[r.Shadow.CSM.MaxCascades:10]]
[2021.02.22-18.28.05:815][  0]LogConfig: Setting CVar [[r.Shadow.MaxResolution:2048]]
[2021.02.22-18.28.05:815][  0]LogConfig: Setting CVar [[r.Shadow.MaxCSMResolution:2048]]
[2021.02.22-18.28.05:815][  0]LogConfig: Setting CVar [[r.Shadow.RadiusThreshold:0.01]]
[2021.02.22-18.28.05:815][  0]LogConfig: Setting CVar [[r.Shadow.DistanceScale:1.0]]
[2021.02.22-18.28.05:815][  0]LogConfig: Setting CVar [[r.Shadow.CSM.TransitionScale:1.0]]
[2021.02.22-18.28.05:815][  0]LogConfig: Setting CVar [[r.Shadow.PreShadowResolutionFactor:1.0]]
[2021.02.22-18.28.05:815][  0]LogConfig: Setting CVar [[r.DistanceFieldShadowing:1]]
[2021.02.22-18.28.05:815][  0]LogConfig: Setting CVar [[r.DistanceFieldAO:1]]
[2021.02.22-18.28.05:815][  0]LogConfig: Setting CVar [[r.AOQuality:2]]
[2021.02.22-18.28.05:815][  0]LogConfig: Setting CVar [[r.VolumetricFog:1]]
[2021.02.22-18.28.05:815][  0]LogConfig: Setting CVar [[r.VolumetricFog.GridPixelSize:8]]
[2021.02.22-18.28.05:815][  0]LogConfig: Setting CVar [[r.VolumetricFog.GridSizeZ:128]]
[2021.02.22-18.28.05:815][  0]LogConfig: Setting CVar [[r.VolumetricFog.HistoryMissSupersampleCount:4]]
[2021.02.22-18.28.05:815][  0]LogConfig: Setting CVar [[r.LightMaxDrawDistanceScale:1]]
[2021.02.22-18.28.05:815][  0]LogConfig: Setting CVar [[r.CapsuleShadows:1]]
[2021.02.22-18.28.05:815][  0]LogConfig: Applying CVar settings from Section [PostProcessQuality@3] File [D:/GitHub/UnrealGit-Test/MyProject/Saved/Config/Windows/Scalability.ini]
[2021.02.22-18.28.05:816][  0]LogConfig: Setting CVar [[r.MotionBlurQuality:4]]
[2021.02.22-18.28.05:816][  0]LogConfig: Setting CVar [[r.AmbientOcclusionMipLevelFactor:0.4]]
[2021.02.22-18.28.05:816][  0]LogConfig: Setting CVar [[r.AmbientOcclusionMaxQuality:100]]
[2021.02.22-18.28.05:816][  0]LogConfig: Setting CVar [[r.AmbientOcclusionLevels:-1]]
[2021.02.22-18.28.05:816][  0]LogConfig: Setting CVar [[r.AmbientOcclusionRadiusScale:1.0]]
[2021.02.22-18.28.05:816][  0]LogConfig: Setting CVar [[r.DepthOfFieldQuality:2]]
[2021.02.22-18.28.05:816][  0]LogConfig: Setting CVar [[r.RenderTargetPoolMin:400]]
[2021.02.22-18.28.05:816][  0]LogConfig: Setting CVar [[r.LensFlareQuality:2]]
[2021.02.22-18.28.05:816][  0]LogConfig: Setting CVar [[r.SceneColorFringeQuality:1]]
[2021.02.22-18.28.05:816][  0]LogConfig: Setting CVar [[r.EyeAdaptationQuality:2]]
[2021.02.22-18.28.05:816][  0]LogConfig: Setting CVar [[r.BloomQuality:5]]
[2021.02.22-18.28.05:816][  0]LogConfig: Setting CVar [[r.FastBlurThreshold:100]]
[2021.02.22-18.28.05:816][  0]LogConfig: Setting CVar [[r.Upscale.Quality:3]]
[2021.02.22-18.28.05:816][  0]LogConfig: Setting CVar [[r.Tonemapper.GrainQuantization:1]]
[2021.02.22-18.28.05:816][  0]LogConfig: Setting CVar [[r.LightShaftQuality:1]]
[2021.02.22-18.28.05:816][  0]LogConfig: Setting CVar [[r.Filter.SizeScale:1]]
[2021.02.22-18.28.05:816][  0]LogConfig: Setting CVar [[r.Tonemapper.Quality:5]]
[2021.02.22-18.28.05:816][  0]LogConfig: Setting CVar [[r.DOF.Gather.AccumulatorQuality:1        ; higher gathering accumulator quality]]
[2021.02.22-18.28.05:816][  0]LogConfig: Setting CVar [[r.DOF.Gather.PostfilterMethod:1          ; Median3x3 postfilering method]]
[2021.02.22-18.28.05:816][  0]LogConfig: Setting CVar [[r.DOF.Gather.EnableBokehSettings:0       ; no bokeh simulation when gathering]]
[2021.02.22-18.28.05:816][  0]LogConfig: Setting CVar [[r.DOF.Gather.RingCount:4                 ; medium number of samples when gathering]]
[2021.02.22-18.28.05:816][  0]LogConfig: Setting CVar [[r.DOF.Scatter.ForegroundCompositing:1    ; additive foreground scattering]]
[2021.02.22-18.28.05:816][  0]LogConfig: Setting CVar [[r.DOF.Scatter.BackgroundCompositing:2    ; additive background scattering]]
[2021.02.22-18.28.05:816][  0]LogConfig: Setting CVar [[r.DOF.Scatter.EnableBokehSettings:1      ; bokeh simulation when scattering]]
[2021.02.22-18.28.05:816][  0]LogConfig: Setting CVar [[r.DOF.Scatter.MaxSpriteRatio:0.1         ; only a maximum of 10% of scattered bokeh]]
[2021.02.22-18.28.05:816][  0]LogConfig: Setting CVar [[r.DOF.Recombine.Quality:1                ; cheap slight out of focus]]
[2021.02.22-18.28.05:816][  0]LogConfig: Setting CVar [[r.DOF.Recombine.EnableBokehSettings:0    ; no bokeh simulation on slight out of focus]]
[2021.02.22-18.28.05:816][  0]LogConfig: Setting CVar [[r.DOF.TemporalAAQuality:1                ; more stable temporal accumulation]]
[2021.02.22-18.28.05:816][  0]LogConfig: Setting CVar [[r.DOF.Kernel.MaxForegroundRadius:0.025]]
[2021.02.22-18.28.05:816][  0]LogConfig: Setting CVar [[r.DOF.Kernel.MaxBackgroundRadius:0.025]]
[2021.02.22-18.28.05:816][  0]LogConfig: Applying CVar settings from Section [TextureQuality@3] File [D:/GitHub/UnrealGit-Test/MyProject/Saved/Config/Windows/Scalability.ini]
[2021.02.22-18.28.05:816][  0]LogConfig: Setting CVar [[r.Streaming.MipBias:0]]
[2021.02.22-18.28.05:816][  0]LogConfig: Setting CVar [[r.Streaming.AmortizeCPUToGPUCopy:0]]
[2021.02.22-18.28.05:816][  0]LogConfig: Setting CVar [[r.Streaming.MaxNumTexturesToStreamPerFrame:0]]
[2021.02.22-18.28.05:816][  0]LogConfig: Setting CVar [[r.Streaming.Boost:1]]
[2021.02.22-18.28.05:816][  0]LogConfig: Setting CVar [[r.MaxAnisotropy:8]]
[2021.02.22-18.28.05:816][  0]LogConfig: Setting CVar [[r.VT.MaxAnisotropy:8]]
[2021.02.22-18.28.05:816][  0]LogConfig: Setting CVar [[r.Streaming.LimitPoolSizeToVRAM:0]]
[2021.02.22-18.28.05:816][  0]LogConfig: Setting CVar [[r.Streaming.PoolSize:1000]]
[2021.02.22-18.28.05:817][  0]LogConfig: Setting CVar [[r.Streaming.MaxEffectiveScreenSize:0]]
[2021.02.22-18.28.05:817][  0]LogConfig: Applying CVar settings from Section [EffectsQuality@3] File [D:/GitHub/UnrealGit-Test/MyProject/Saved/Config/Windows/Scalability.ini]
[2021.02.22-18.28.05:817][  0]LogConfig: Setting CVar [[r.TranslucencyLightingVolumeDim:64]]
[2021.02.22-18.28.05:817][  0]LogConfig: Setting CVar [[r.RefractionQuality:2]]
[2021.02.22-18.28.05:817][  0]LogConfig: Setting CVar [[r.SSR.Quality:3]]
[2021.02.22-18.28.05:817][  0]LogConfig: Setting CVar [[r.SSR.HalfResSceneColor:0]]
[2021.02.22-18.28.05:817][  0]LogConfig: Setting CVar [[r.SceneColorFormat:4]]
[2021.02.22-18.28.05:817][  0]LogConfig: Setting CVar [[r.DetailMode:2]]
[2021.02.22-18.28.05:817][  0]LogConfig: Setting CVar [[r.TranslucencyVolumeBlur:1]]
[2021.02.22-18.28.05:817][  0]LogConfig: Setting CVar [[r.MaterialQualityLevel:1 ; High quality]]
[2021.02.22-18.28.05:817][  0]LogConfig: Setting CVar [[r.SSS.Scale:1]]
[2021.02.22-18.28.05:817][  0]LogConfig: Setting CVar [[r.SSS.SampleSet:2]]
[2021.02.22-18.28.05:817][  0]LogConfig: Setting CVar [[r.SSS.Quality:1]]
[2021.02.22-18.28.05:817][  0]LogConfig: Setting CVar [[r.SSS.HalfRes:0]]
[2021.02.22-18.28.05:817][  0]LogConfig: Setting CVar [[r.SSGI.Quality:3]]
[2021.02.22-18.28.05:817][  0]LogConfig: Setting CVar [[r.EmitterSpawnRateScale:1.0]]
[2021.02.22-18.28.05:817][  0]LogConfig: Setting CVar [[r.ParticleLightQuality:2]]
[2021.02.22-18.28.05:817][  0]LogConfig: Setting CVar [[r.SkyAtmosphere.AerialPerspectiveLUT.FastApplyOnOpaque:1 ; Always have FastSkyLUT 1 in this case to avoid wrong sky]]
[2021.02.22-18.28.05:817][  0]LogConfig: Setting CVar [[r.SkyAtmosphere.AerialPerspectiveLUT.SampleCountPerSlice:1]]
[2021.02.22-18.28.05:817][  0]LogConfig: Setting CVar [[r.SkyAtmosphere.AerialPerspectiveLUT.DepthResolution:16.0]]
[2021.02.22-18.28.05:817][  0]LogConfig: Setting CVar [[r.SkyAtmosphere.FastSkyLUT:1]]
[2021.02.22-18.28.05:817][  0]LogConfig: Setting CVar [[r.SkyAtmosphere.FastSkyLUT.SampleCountMin:4.0]]
[2021.02.22-18.28.05:817][  0]LogConfig: Setting CVar [[r.SkyAtmosphere.FastSkyLUT.SampleCountMax:32.0]]
[2021.02.22-18.28.05:817][  0]LogConfig: Setting CVar [[r.SkyAtmosphere.SampleCountMin:4.0]]
[2021.02.22-18.28.05:817][  0]LogConfig: Setting CVar [[r.SkyAtmosphere.SampleCountMax:32.0]]
[2021.02.22-18.28.05:817][  0]LogConfig: Setting CVar [[r.SkyAtmosphere.TransmittanceLUT.UseSmallFormat:0]]
[2021.02.22-18.28.05:817][  0]LogConfig: Setting CVar [[r.SkyAtmosphere.TransmittanceLUT.SampleCount:10.0]]
[2021.02.22-18.28.05:817][  0]LogConfig: Setting CVar [[r.SkyAtmosphere.MultiScatteringLUT.SampleCount:15.0]]
[2021.02.22-18.28.05:817][  0]LogConfig: Applying CVar settings from Section [FoliageQuality@3] File [D:/GitHub/UnrealGit-Test/MyProject/Saved/Config/Windows/Scalability.ini]
[2021.02.22-18.28.05:818][  0]LogConfig: Setting CVar [[foliage.DensityScale:1.0]]
[2021.02.22-18.28.05:818][  0]LogConfig: Setting CVar [[grass.DensityScale:1.0]]
[2021.02.22-18.28.05:818][  0]LogConfig: Applying CVar settings from Section [ShadingQuality@3] File [D:/GitHub/UnrealGit-Test/MyProject/Saved/Config/Windows/Scalability.ini]
[2021.02.22-18.28.05:818][  0]LogConfig: Setting CVar [[r.HairStrands.SkyLighting.SampleCount:16]]
[2021.02.22-18.28.05:818][  0]LogConfig: Setting CVar [[r.HairStrands.SkyLighting.JitterIntegration:0]]
[2021.02.22-18.28.05:818][  0]LogConfig: Setting CVar [[r.HairStrands.SkyAO.SampleCount:16]]
[2021.02.22-18.28.05:818][  0]LogConfig: Setting CVar [[r.HairStrands.DeepShadow.SuperSampling:0]]
[2021.02.22-18.28.05:818][  0]LogConfig: Setting CVar [[r.HairStrands.VisibilityPPLL:0]]
[2021.02.22-18.28.05:818][  0]LogConfig: Setting CVar [[r.HairStrands.RasterizationScale:0.5]]
[2021.02.22-18.28.05:818][  0]LogConfig: Setting CVar [[r.HairStrands.VelocityRasterizationScale:1]]
[2021.02.22-18.28.05:818][  0]LogConfig: Applying CVar settings from Section [Startup] File [../../../Engine/Config/ConsoleVariables.ini]
[2021.02.22-18.28.05:818][  0]LogConfig: Setting CVar [[net.UseAdaptiveNetUpdateFrequency:0]]
[2021.02.22-18.28.05:818][  0]LogConfig: Setting CVar [[p.chaos.AllowCreatePhysxBodies:1]]
[2021.02.22-18.28.05:818][  0]LogConfig: Setting CVar [[fx.SkipVectorVMBackendOptimizations:1]]
[2021.02.22-18.28.05:818][  0]LogConfig: Applying CVar settings from Section [ConsoleVariables] File [D:/GitHub/UnrealGit-Test/MyProject/Saved/Config/Windows/Engine.ini]
[2021.02.22-18.28.05:819][  0]LogInit: Computer: DESKTOP-89RVH88
[2021.02.22-18.28.05:819][  0]LogInit: User: User
[2021.02.22-18.28.05:819][  0]LogInit: CPU Page size=4096, Cores=6
[2021.02.22-18.28.05:819][  0]LogInit: High frequency timer resolution =10.000000 MHz
[2021.02.22-18.28.05:819][  0]LogMemory: Memory total: Physical=7.9GB (8GB approx)
[2021.02.22-18.28.05:819][  0]LogMemory: Platform Memory Stats for Windows
[2021.02.22-18.28.05:819][  0]LogMemory: Process Physical Memory: 114.71 MB used, 114.71 MB peak
[2021.02.22-18.28.05:819][  0]LogMemory: Process Virtual Memory: 97.65 MB used, 97.65 MB peak
[2021.02.22-18.28.05:819][  0]LogMemory: Physical Memory: 6585.66 MB used,  1554.94 MB free, 8140.59 MB total
[2021.02.22-18.28.05:820][  0]LogMemory: Virtual Memory: 5183.88 MB used,  134212544.00 MB free, 134217728.00 MB total
[2021.02.22-18.28.05:830][  0]LogWindows: WindowsPlatformFeatures enabled
[2021.02.22-18.28.05:928][  0]LogInit: Physics initialised using underlying interface: PhysX
[2021.02.22-18.28.05:930][  0]LogInit: Using OS detected language (en-US).
[2021.02.22-18.28.05:930][  0]LogInit: Using OS detected locale (en-IL).
[2021.02.22-18.28.05:936][  0]LogTextLocalizationManager: No specific localization for 'en-US' exists, so the 'en' localization will be used.
[2021.02.22-18.28.06:423][  0]LogInit: Setting process to per monitor DPI aware
[2021.02.22-18.28.06:478][  0]LogSlate: New Slate User Created.  User Index 0, Is Virtual User: 0
[2021.02.22-18.28.06:478][  0]LogSlate: Slate User Registered.  User Index 0, Is Virtual User: 0
[2021.02.22-18.28.12:129][  0]LogHMD: Failed to initialize OpenVR with code 108
[2021.02.22-18.28.12:129][  0]LogD3D11RHI: D3D11 min allowed feature level: 11_0
[2021.02.22-18.28.12:129][  0]LogD3D11RHI: D3D11 max allowed feature level: 11_0
[2021.02.22-18.28.12:129][  0]LogD3D11RHI: D3D11 adapters:
[2021.02.22-18.28.12:287][  0]LogD3D11RHI:    0. 'NVIDIA GeForce RTX 2060' (Feature Level 11_0)
[2021.02.22-18.28.12:287][  0]LogD3D11RHI:       5980/0/4070 MB DedicatedVideo/DedicatedSystem/SharedSystem, Outputs:1, VendorId:0x10de
[2021.02.22-18.28.12:292][  0]LogD3D11RHI:    1. 'Microsoft Basic Render Driver' (Feature Level 11_0)
[2021.02.22-18.28.12:292][  0]LogD3D11RHI:       0/0/4070 MB DedicatedVideo/DedicatedSystem/SharedSystem, Outputs:0, VendorId:0x1414
[2021.02.22-18.28.12:292][  0]LogD3D11RHI: Chosen D3D11 Adapter: 0
[2021.02.22-18.28.12:311][  0]LogD3D11RHI: Creating new Direct3DDevice
[2021.02.22-18.28.12:312][  0]LogD3D11RHI:     GPU DeviceId: 0x1f08 (for the marketing name, search the web for "GPU Device Id")
[2021.02.22-18.28.12:312][  0]LogWindows: EnumDisplayDevices:
[2021.02.22-18.28.12:312][  0]LogWindows:    0. 'NVIDIA GeForce RTX 2060' (P:1 D:1)
[2021.02.22-18.28.12:313][  0]LogWindows:    1. 'NVIDIA GeForce RTX 2060' (P:0 D:0)
[2021.02.22-18.28.12:313][  0]LogWindows:    2. 'NVIDIA GeForce RTX 2060' (P:0 D:0)
[2021.02.22-18.28.12:314][  0]LogWindows:    3. 'NVIDIA GeForce RTX 2060' (P:0 D:0)
[2021.02.22-18.28.12:314][  0]LogWindows: DebugString: FoundDriverCount:4 
[2021.02.22-18.28.12:314][  0]LogD3D11RHI:     Adapter Name: NVIDIA GeForce RTX 2060
[2021.02.22-18.28.12:314][  0]LogD3D11RHI:   Driver Version: 456.71 (internal:27.21.14.5671, unified:456.71)
[2021.02.22-18.28.12:314][  0]LogD3D11RHI:      Driver Date: 9-30-2020
[2021.02.22-18.28.12:314][  0]LogRHI: Texture pool is 4186 MB (70% of 5980 MB)
[2021.02.22-18.28.12:433][  0]LogD3D11RHI: RHI has support for 64 bit atomics
[2021.02.22-18.28.12:438][  0]LogD3D11RHI: [Aftermath] Enabled and primed
[2021.02.22-18.28.12:439][  0]LogD3D11RHI: Async texture creation enabled
[2021.02.22-18.28.12:439][  0]LogD3D11RHI: Array index from any shader is supported
[2021.02.22-18.28.12:469][  0]LogD3D11RHI: GPU Timing Frequency: 1000.000000 (Debug: 2 1)
[2021.02.22-18.28.13:008][  0]LogTargetPlatformManager: Display: Loaded TargetPlatform 'AllDesktop'
[2021.02.22-18.28.13:060][  0]LogTargetPlatformManager: Display: Loaded TargetPlatform 'Android'
[2021.02.22-18.28.13:060][  0]LogTargetPlatformManager: Display: Loaded TargetPlatform 'Android_ASTC'
[2021.02.22-18.28.13:060][  0]LogTargetPlatformManager: Display: Loaded TargetPlatform 'Android_DXT'
[2021.02.22-18.28.13:060][  0]LogTargetPlatformManager: Display: Loaded TargetPlatform 'Android_ETC2'
[2021.02.22-18.28.13:061][  0]LogTargetPlatformManager: Display: Loaded TargetPlatform 'AndroidClient'
[2021.02.22-18.28.13:061][  0]LogTargetPlatformManager: Display: Loaded TargetPlatform 'Android_ASTCClient'
[2021.02.22-18.28.13:061][  0]LogTargetPlatformManager: Display: Loaded TargetPlatform 'Android_DXTClient'
[2021.02.22-18.28.13:061][  0]LogTargetPlatformManager: Display: Loaded TargetPlatform 'Android_ETC2Client'
[2021.02.22-18.28.13:061][  0]LogTargetPlatformManager: Display: Loaded TargetPlatform 'Android_Multi'
[2021.02.22-18.28.13:061][  0]LogTargetPlatformManager: Display: Loaded TargetPlatform 'Android_MultiClient'
[2021.02.22-18.28.13:115][  0]LogTargetPlatformManager: Display: Loaded TargetPlatform 'IOSClient'
[2021.02.22-18.28.13:116][  0]LogTargetPlatformManager: Display: Loaded TargetPlatform 'IOS'
[2021.02.22-18.28.13:140][  0]LogTargetPlatformManager: Display: Loaded TargetPlatform 'Linux'
[2021.02.22-18.28.13:159][  0]LogTargetPlatformManager: Display: Loaded TargetPlatform 'LinuxNoEditor'
[2021.02.22-18.28.13:179][  0]LogTargetPlatformManager: Display: Loaded TargetPlatform 'LinuxClient'
[2021.02.22-18.28.13:202][  0]LogTargetPlatformManager: Display: Loaded TargetPlatform 'LinuxServer'
[2021.02.22-18.28.13:223][  0]LogTargetPlatformManager: Display: Loaded TargetPlatform 'LinuxAArch64NoEditor'
[2021.02.22-18.28.13:246][  0]LogTargetPlatformManager: Display: Loaded TargetPlatform 'LinuxAArch64Client'
[2021.02.22-18.28.13:267][  0]LogTargetPlatformManager: Display: Loaded TargetPlatform 'LinuxAArch64Server'
[2021.02.22-18.28.13:327][  0]LogTargetPlatformManager: Display: Loaded TargetPlatform 'Lumin'
[2021.02.22-18.28.13:327][  0]LogTargetPlatformManager: Display: Loaded TargetPlatform 'LuminClient'
[2021.02.22-18.28.13:357][  0]LogTargetPlatformManager: Display: Loaded TargetPlatform 'TVOSClient'
[2021.02.22-18.28.13:358][  0]LogTargetPlatformManager: Display: Loaded TargetPlatform 'TVOS'
[2021.02.22-18.28.13:374][  0]LogTargetPlatformManager: Display: Loaded TargetPlatform 'WindowsNoEditor'
[2021.02.22-18.28.13:392][  0]LogTargetPlatformManager: Display: Loaded TargetPlatform 'Windows'
[2021.02.22-18.28.13:413][  0]LogTargetPlatformManager: Display: Loaded TargetPlatform 'WindowsClient'
[2021.02.22-18.28.13:431][  0]LogTargetPlatformManager: Display: Loaded TargetPlatform 'WindowsServer'
[2021.02.22-18.28.13:431][  0]LogTargetPlatformManager: Display: Building Assets For Windows
[2021.02.22-18.28.13:446][  0]LogAudioDebug: Display: Lib vorbis DLL was dynamically loaded.
[2021.02.22-18.28.13:547][  0]LogShaderCompilers: Guid format shader working directory is -5 characters bigger than the processId version (../../../../../../GitHub/UnrealGit-Test/MyProject/Intermediate/Shaders/WorkingDirectory/12304/).
[2021.02.22-18.28.13:548][  0]LogShaderCompilers: Cleaned the shader compiler working directory 'C:/Users/User/AppData/Local/Temp/UnrealShaderWorkingDir/F21F26504C322F86258D19A1C69EF9AB/'.
[2021.02.22-18.28.13:548][  0]LogXGEController: Cannot use XGE Controller as Incredibuild is not installed on this machine.
[2021.02.22-18.28.13:549][  0]LogShaderCompilers: Cannot use XGE Shader Compiler as Incredibuild is not installed on this machine.
[2021.02.22-18.28.13:549][  0]LogShaderCompilers: Display: Using Local Shader Compiler.
[2021.02.22-18.28.15:207][  0]LogDerivedDataCache: Display: Max Cache Size: 512 MB
[2021.02.22-18.28.15:351][  0]LogDerivedDataCache: Loaded boot cache 0.14s 75MB C:/Users/User/AppData/Local/UnrealEngine/4.25/DerivedDataCache/Boot.ddc.
[2021.02.22-18.28.15:352][  0]LogDerivedDataCache: Display: Loaded Boot cache: C:/Users/User/AppData/Local/UnrealEngine/4.25/DerivedDataCache/Boot.ddc
[2021.02.22-18.28.15:352][  0]LogDerivedDataCache: FDerivedDataBackendGraph:  Pak pak cache file ../../../../../../GitHub/UnrealGit-Test/MyProject/DerivedDataCache/DDC.ddp not found, will not use a pak cache.
[2021.02.22-18.28.15:352][  0]LogDerivedDataCache: Unable to find inner node Pak for hierarchical cache Hierarchy.
[2021.02.22-18.28.15:352][  0]LogDerivedDataCache: FDerivedDataBackendGraph:  CompressedPak pak cache file ../../../../../../GitHub/UnrealGit-Test/MyProject/DerivedDataCache/Compressed.ddp not found, will not use a pak cache.
[2021.02.22-18.28.15:352][  0]LogDerivedDataCache: Unable to find inner node CompressedPak for hierarchical cache Hierarchy.
[2021.02.22-18.28.15:383][  0]LogDerivedDataCache: Display: Pak cache opened for reading ../../../Engine/DerivedDataCache/Compressed.ddp.
[2021.02.22-18.28.15:384][  0]LogDerivedDataCache: FDerivedDataBackendGraph:  EnterprisePak pak cache file ../../../Enterprise/DerivedDataCache/Compressed.ddp not found, will not use a pak cache.
[2021.02.22-18.28.15:384][  0]LogDerivedDataCache: Unable to find inner node EnterprisePak for hierarchical cache Hierarchy.
[2021.02.22-18.28.15:387][  0]LogDerivedDataCache: Using Local data cache path C:/Users/User/AppData/Local/UnrealEngine/Common/DerivedDataCache: Writable
[2021.02.22-18.28.15:387][  0]LogDerivedDataCache: Shared data cache path not found in *engine.ini, will not use an Shared cache.
[2021.02.22-18.28.15:387][  0]LogDerivedDataCache: Unable to find inner node Shared for hierarchical cache Hierarchy.
[2021.02.22-18.28.15:503][  0]LogSlate: Using FreeType 2.10.0
[2021.02.22-18.28.15:504][  0]LogSlate: SlateFontServices - WITH_FREETYPE: 1, WITH_HARFBUZZ: 1
[2021.02.22-18.28.15:554][  0]LogAssetRegistry: FAssetRegistry took 0.0087 seconds to start up
[2021.02.22-18.28.16:067][  0]LogInit: Selected Device Profile: [Windows]
[2021.02.22-18.28.16:312][  0]LogMeshReduction: Using QuadricMeshReduction for automatic static mesh reduction
[2021.02.22-18.28.16:312][  0]LogMeshReduction: Using SimplygonMeshReduction for automatic skeletal mesh reduction
[2021.02.22-18.28.16:312][  0]LogMeshReduction: Using ProxyLODMeshReduction for automatic mesh merging
[2021.02.22-18.28.16:312][  0]LogMeshReduction: No distributed automatic mesh merging module available
[2021.02.22-18.28.16:312][  0]LogMeshMerging: No distributed automatic mesh merging module available
[2021.02.22-18.28.16:347][  0]LogNetVersion: MyProject 1.0.0, NetCL: 13144385, EngineNetVer: 14, GameNetVer: 0 (Checksum: 709303259)
[2021.02.22-18.28.17:226][  0]LogAISub: UAISubsystem::UAISubsystem AISubsystem (000001AB3534C2C0), frame # 0
[2021.02.22-18.28.17:227][  0]LogAISub: UAISubsystem::UAISubsystem AIPerceptionSystem (000001AB3528D080), frame # 0
[2021.02.22-18.28.17:229][  0]LogAISub: UAISubsystem::UAISubsystem EnvQueryManager (000001AB352DDE00), frame # 0
[2021.02.22-18.28.17:374][  0]LogPackageLocalizationCache: Processed 21 localized package path(s) for 1 prioritized culture(s) in 0.127752 seconds
[2021.02.22-18.28.17:389][  0]LogUObjectArray: 15917 objects as part of root set at end of initial load.
[2021.02.22-18.28.17:389][  0]LogUObjectAllocator: 3965568 out of 0 bytes used by permanent object pool.
[2021.02.22-18.28.17:389][  0]LogUObjectArray: CloseDisregardForGC: 0/0 objects in disregard for GC pool
[2021.02.22-18.28.17:986][  0]LogPython: Using Python 2.7.14
[2021.02.22-18.28.19:758][  0]LogTcpMessaging: Initializing TcpMessaging bridge
[2021.02.22-18.28.19:770][  0]LogUdpMessaging: Initializing bridge on interface 0.0.0.0:0 to multicast group 230.0.0.1:6666.
[2021.02.22-18.28.20:002][  0]SourceControl: Source control is disabled
[2021.02.22-18.28.20:003][  0]SourceControl: Source control is disabled
[2021.02.22-18.28.20:010][  0]SourceControl: Source control is disabled
[2021.02.22-18.28.20:017][  0]SourceControl: Source control is disabled
[2021.02.22-18.28.20:033][  0]SourceControl: Source control is disabled
[2021.02.22-18.28.20:799][  0]LogAndroidPermission: UAndroidPermissionCallbackProxy::GetInstance
[2021.02.22-18.28.20:889][  0]LogAudioCaptureCore: Display: No Audio Capture implementations found. Audio input will be silent.
[2021.02.22-18.28.20:889][  0]LogAudioCaptureCore: Display: No Audio Capture implementations found. Audio input will be silent.
[2021.02.22-18.28.21:070][  0]LogOcInput: OculusInput pre-init called
[2021.02.22-18.28.21:094][  0]LogWindows: Failed to load 'OVRPlugin.dll' (GetLastError=126)
[2021.02.22-18.28.21:094][  0]LogWindows: File 'OVRPlugin.dll' does not exist
[2021.02.22-18.28.21:774][  0]LogEngine: Initializing Engine...
[2021.02.22-18.28.27:236][  0]LogHMD: Failed to initialize OpenVR with code 108
[2021.02.22-18.28.27:236][  0]LogMagicLeap: Warning: VR disabled because ZI is not enabled.  To enable, in the editor, Edit -> Project Settings -> Plugins -> Magic Leap Plugin -> Enable Zero Iteration
[2021.02.22-18.28.27:238][  0]LogStats: UGameplayTagsManager::InitializeManager -  0.000 s
[2021.02.22-18.28.27:517][  0]LogInit: Initializing FReadOnlyCVARCache
[2021.02.22-18.28.27:537][  0]LogAIModule: Creating AISystem for world Untitled
[2021.02.22-18.28.27:538][  0]LogAISub: UAISubsystem::UAISubsystem EnvQueryManager (000001AB403DE200), frame # 0
[2021.02.22-18.28.27:538][  0]LogAISub: UAISubsystem::UAISubsystem AIPerceptionSystem (000001AB40402980), frame # 0
[2021.02.22-18.28.27:567][  0]LogAudioMixer: Display: Audio Mixer Platform Settings:
[2021.02.22-18.28.27:567][  0]LogAudioMixer: Display: 	Sample Rate:						  48000
[2021.02.22-18.28.27:567][  0]LogAudioMixer: Display: 	Callback Buffer Frame Size Requested: 1024
[2021.02.22-18.28.27:567][  0]LogAudioMixer: Display: 	Callback Buffer Frame Size To Use:	  1024
[2021.02.22-18.28.27:567][  0]LogAudioMixer: Display: 	Number of buffers to queue:			  2
[2021.02.22-18.28.27:567][  0]LogAudioMixer: Display: 	Max Channels (voices):				  32
[2021.02.22-18.28.27:567][  0]LogAudioMixer: Display: 	Number of Async Source Workers:		  0
[2021.02.22-18.28.27:567][  0]LogAudio: Display: AudioDevice MaxSources: 32
[2021.02.22-18.28.27:567][  0]LogAudio: Display: Using built-in audio occlusion.
[2021.02.22-18.28.27:567][  0]LogAudioMixer: Display: Initializing audio mixer.
[2021.02.22-18.28.27:588][  0]LogAudioMixer: Display: 0: FrontLeft
[2021.02.22-18.28.27:588][  0]LogAudioMixer: Display: 1: FrontRight
[2021.02.22-18.28.27:680][  0]LogAudioMixer: Display: Using Audio Device Speakers (2- High Definition Audio Device)
[2021.02.22-18.28.27:693][  0]LogAudioMixer: Display: Initializing Sound Submixes...
[2021.02.22-18.28.27:697][  0]LogAudioMixer: Display: Creating Master Submix 'MasterSubmixDefault'
[2021.02.22-18.28.27:697][  0]LogAudioMixer: Display: Creating Master Submix 'MasterReverbSubmixDefault'
[2021.02.22-18.28.27:701][  0]LogAudioMixer: Display: Creating Master Submix 'MasterEQSubmixDefault'
[2021.02.22-18.28.27:703][  0]LogInit: FAudioDevice initialized.
[2021.02.22-18.28.27:704][  0]LogNetVersion: Set ProjectVersion to 1.0.0.0. Version Checksum will be recalculated on next use.
[2021.02.22-18.28.27:833][  0]LogDerivedDataCache: Saved boot cache 0.13s 75MB C:/Users/User/AppData/Local/UnrealEngine/4.25/DerivedDataCache/Boot.ddc.
[2021.02.22-18.28.27:834][  0]LogInit: Texture streaming: Enabled
[2021.02.22-18.28.27:880][  0]LogEngineSessionManager: EngineSessionManager initialized
[2021.02.22-18.28.27:880][  0]LogEditorSessionSummary: Verbose: Initializing EditorSessionSummaryWriter for editor session tracking
[2021.02.22-18.28.27:883][  0]LogEditorSessionSummary: EditorSessionSummaryWriter initialized
[2021.02.22-18.28.27:994][  0]LogInit: Transaction tracking system initialized
[2021.02.22-18.28.28:042][  0]BlueprintLog: New page: Editor Load
[2021.02.22-18.28.28:210][  0]LocalizationService: Localization service is disabled
[2021.02.22-18.28.28:567][  0]LogCook: Display: Max memory allowance for cook 16384mb min free memory 0mb
[2021.02.22-18.28.28:567][  0]LogCook: Display: Mobile HDR setting 1
[2021.02.22-18.28.28:866][  0]LogFileCache: Scanning file cache for directory 'D:/GitHub/UnrealGit-Test/MyProject/Content/' took 0.01s
[2021.02.22-18.28.29:194][  0]SourceControl: Source control is disabled
[2021.02.22-18.28.29:195][  0]LogUnrealEdMisc: Loading editor; pre map load, took 26.415
[2021.02.22-18.28.29:195][  0]Cmd: MAP LOAD FILE="../../../../../../GitHub/UnrealGit-Test/MyProject/Content/ThirdPersonBP/Maps/ThirdPersonExampleMap.umap" TEMPLATE=0 SHOWPROGRESS=1 FEATURELEVEL=3
[2021.02.22-18.28.29:196][  0]LightingResults: New page: Lighting Build
[2021.02.22-18.28.29:198][  0]LogWorld: UWorld::CleanupWorld for Untitled, bSessionEnded=true, bCleanupResources=true
[2021.02.22-18.28.29:199][  0]LogSlate: InvalidateAllWidgets triggered.  All widgets were invalidated
[2021.02.22-18.28.29:199][  0]MapCheck: New page: Map Check
[2021.02.22-18.28.29:199][  0]LightingResults: New page: Lighting Build
[2021.02.22-18.28.29:216][  0]LogAISub: UAISubsystem::~UAISubsystem EnvQueryManager (000001AB403DE200), frame # 0
[2021.02.22-18.28.29:216][  0]LogAISub: UAISubsystem::~UAISubsystem AIPerceptionSystem (000001AB40402980), frame # 0
[2021.02.22-18.28.29:219][  0]LogUObjectHash: Compacting FUObjectHashTables data took   2.57ms
[2021.02.22-18.28.31:082][  0]LogAIModule: Creating AISystem for world ThirdPersonExampleMap
[2021.02.22-18.28.31:082][  0]LogAISub: UAISubsystem::UAISubsystem EnvQueryManager (000001AB274A1600), frame # 0
[2021.02.22-18.28.31:082][  0]LogAISub: UAISubsystem::UAISubsystem AIPerceptionSystem (000001AB2748BB00), frame # 0
[2021.02.22-18.28.31:358][  0]LogEditorServer: Finished looking for orphan Actors (0.000 secs)
[2021.02.22-18.28.31:385][  0]LogUObjectHash: Compacting FUObjectHashTables data took   1.79ms
[2021.02.22-18.28.31:386][  0]Cmd: MAP CHECKDEP NOCLEARLOG
[2021.02.22-18.28.31:386][  0]MapCheck: Map check complete: 0 Error(s), 0 Warning(s), took 0.292ms to complete.
[2021.02.22-18.28.31:386][  0]LogFileHelpers: Loading map 'ThirdPersonExampleMap' took 2.192
[2021.02.22-18.28.31:393][  0]LogUnrealEdMisc: Total Editor Startup Time, took 28.614
[2021.02.22-18.28.32:156][  0]LogSlate: Updating window title bar state: overlay mode, drag disabled, window buttons hidden, title bar hidden
[2021.02.22-18.28.32:178][  0]LogSlate: Updating window title bar state: overlay mode, drag disabled, window buttons hidden, title bar hidden
[2021.02.22-18.28.32:195][  0]LogSlate: Updating window title bar state: overlay mode, drag disabled, window buttons hidden, title bar hidden
[2021.02.22-18.28.32:215][  0]LogSlate: Updating window title bar state: overlay mode, drag disabled, window buttons hidden, title bar hidden
[2021.02.22-18.28.32:284][  0]LogCollectionManager: Loaded 0 collections in 0.002079 seconds
[2021.02.22-18.28.32:397][  0]LogFileCache: Scanning file cache for directory 'D:/GitHub/UnrealGit-Test/MyProject/Saved/Collections/' took 0.00s
[2021.02.22-18.28.32:397][  0]LogFileCache: Scanning file cache for directory 'D:/GitHub/UnrealGit-Test/MyProject/Content/Developers/User/Collections/' took 0.00s
[2021.02.22-18.28.32:397][  0]LogFileCache: Scanning file cache for directory 'D:/GitHub/UnrealGit-Test/MyProject/Content/Collections/' took 0.00s
[2021.02.22-18.28.32:397][  0]LogContentBrowser: Native class hierarchy populated in 0.0245 seconds. Added 3446 classes and 828 folders.
[2021.02.22-18.28.32:581][  0]LogContentBrowser: Native class hierarchy updated for 'WidgetCarousel' in 0.0009 seconds. Added 0 classes and 0 folders.
[2021.02.22-18.28.33:335][  0]LogContentBrowser: Native class hierarchy updated for 'AddContentDialog' in 0.0012 seconds. Added 0 classes and 0 folders.
[2021.02.22-18.28.33:384][  0]LogContentBrowser: Native class hierarchy updated for 'SceneOutliner' in 0.0008 seconds. Added 2 classes and 0 folders.
[2021.02.22-18.28.36:066][  0]LogSlate: Took 0.007542 seconds to synchronously load lazily loaded font '../../../Engine/Content/Slate/Fonts/Roboto-Regular.ttf' (155K)
[2021.02.22-18.28.36:083][  0]LogSlate: Took 0.009860 seconds to synchronously load lazily loaded font '../../../Engine/Content/Slate/Fonts/Roboto-Bold.ttf' (160K)
[2021.02.22-18.28.36:180][  0]LogSlate: Took 0.047248 seconds to synchronously load lazily loaded font '../../../Engine/Content/Editor/Slate/Fonts/FontAwesome.ttf' (139K)
[2021.02.22-18.28.36:615][  0]LogRenderer: Reallocating scene render targets to support 1208x572 Format 10 NumSamples 1 (Frame:1).
[2021.02.22-18.28.37:148][  0]LogContentBrowser: Native class hierarchy updated for 'HierarchicalLODOutliner' in 0.0007 seconds. Added 0 classes and 0 folders.
[2021.02.22-18.28.37:149][  0]LogLoad: (Engine Initialization) Total time: 34.37 seconds
[2021.02.22-18.28.37:149][  0]LogLoad: (Engine Initialization) Total Blueprint compile time: 0.00 seconds
[2021.02.22-18.28.37:677][  0]LogContentStreaming: Texture pool size now 1000 MB
[2021.02.22-18.28.37:925][  0]LogSlate: Took 0.010379 seconds to synchronously load lazily loaded font '../../../Engine/Content/Slate/Fonts/Roboto-Light.ttf' (167K)
[2021.02.22-18.28.38:037][  1]LogAssetRegistry: Asset discovery search completed in 22.4857 seconds
[2021.02.22-18.28.38:042][  1]LogCollectionManager: Fixed up redirectors for 0 collections in 0.000002 seconds (updated 0 objects)
[2021.02.23-08.45.38:071][622]LogActorFactory: Actor Factory created Cube
[2021.02.23-08.45.39:415][653]LogActorFactory: Actor Factory created Cube
[2021.02.23-08.45.43:559][754]LogMaterial: Display: Missing cached shader map for material M_CobbleStone_Pebble, compiling. 
[2021.02.23-08.45.44:094][754]LogShaderCompilers: Display: Worker (1/9): shaders left to compile 48
[2021.02.23-08.45.44:094][754]LogShaderCompilers: Display: Worker (2/9): shaders left to compile 41
[2021.02.23-08.45.44:094][754]LogShaderCompilers: Display: Worker (3/9): shaders left to compile 34
[2021.02.23-08.45.44:094][754]LogShaderCompilers: Display: Worker (4/9): shaders left to compile 27
[2021.02.23-08.45.44:094][754]LogShaderCompilers: Display: Worker (5/9): shaders left to compile 20
[2021.02.23-08.45.44:094][754]LogShaderCompilers: Display: Worker (6/9): shaders left to compile 13
[2021.02.23-08.45.44:094][754]LogShaderCompilers: Display: Worker (7/9): shaders left to compile 6
[2021.02.23-08.45.55:910][147]LogUObjectHash: Compacting FUObjectHashTables data took  29.20ms
[2021.02.23-08.45.56:287][147]LogSlate: Took 0.033074 seconds to synchronously load lazily loaded font '../../../Engine/Content/Slate/Fonts/Roboto-Light.ttf' (167K)
[2021.02.23-08.45.56:387][147]LogUObjectHash: Compacting FUObjectHashTables data took   0.75ms
[2021.02.23-08.45.56:724][147]LogSavePackage: Moving '../../../../../../GitHub/UnrealGit-Test/MyProject/Saved/ThirdPersonExampleMap237A7E924F2CE37374FC84A8B1A95111.tmp' to '../../../../../../GitHub/UnrealGit-Test/MyProject/Content/ThirdPersonBP/Maps/ThirdPersonExampleMap.umap'
[2021.02.23-08.45.56:842][147]LogFileHelpers: Saving map 'ThirdPersonExampleMap' took 0.506
[2021.02.23-08.45.57:049][147]LogSavePackage: Moving '../../../../../../GitHub/UnrealGit-Test/MyProject/Saved/ThirdPersonExampleMap_BuiltData3361664740AA3C2EF177E6A2D4EF9084.tmp' to '../../../../../../GitHub/UnrealGit-Test/MyProject/Content/ThirdPersonBP/Maps/ThirdPersonExampleMap_BuiltData.uasset'
[2021.02.23-08.45.57:123][147]AssetCheck: New page: Asset Save: multiple assets
[2021.02.23-08.45.57:125][147]LogContentValidation: Display: Validating World /Game/ThirdPersonBP/Maps/ThirdPersonExampleMap.ThirdPersonExampleMap
[2021.02.23-08.45.57:125][147]LogContentValidation: Display: Validating MapBuildDataRegistry /Game/ThirdPersonBP/Maps/ThirdPersonExampleMap_BuiltData.ThirdPersonExampleMap_BuiltData
[2021.02.23-08.45.59:140][222]LogTemp: Repeating last play command: Selected Viewport
[2021.02.23-08.45.59:337][222]LogPlayLevel: PlayLevel: No blueprints needed recompiling
[2021.02.23-08.45.59:406][222]PIE: New page: PIE session: ThirdPersonExampleMap (23 Feb 2021, 12:45:59)
[2021.02.23-08.45.59:495][222]LogOnline: OSS: Creating online subsystem instance for: NULL
[2021.02.23-08.45.59:500][222]LogOnline: OSS: TryLoadSubsystemAndSetDefault: Loaded subsystem for module [NULL]
[2021.02.23-08.45.59:565][222]LogPlayLevel: Creating play world package: /Game/ThirdPersonBP/Maps/UEDPIE_0_ThirdPersonExampleMap
[2021.02.23-08.45.59:652][222]LogPlayLevel: PIE: StaticDuplicateObject took: (0.085174s)
[2021.02.23-08.45.59:684][222]LogAIModule: Creating AISystem for world ThirdPersonExampleMap
[2021.02.23-08.45.59:684][222]LogAISub: UAISubsystem::UAISubsystem EnvQueryManager (000001AB6230FE00), frame # 155222
[2021.02.23-08.45.59:685][222]LogAISub: UAISubsystem::UAISubsystem AIPerceptionSystem (000001AB62336AC0), frame # 155222
[2021.02.23-08.45.59:686][222]LogPlayLevel: PIE: World Init took: (0.033759s)
[2021.02.23-08.45.59:686][222]LogPlayLevel: PIE: Created PIE world by copying editor world from /Game/ThirdPersonBP/Maps/ThirdPersonExampleMap.ThirdPersonExampleMap to /Game/ThirdPersonBP/Maps/UEDPIE_0_ThirdPersonExampleMap.ThirdPersonExampleMap (0.120608s)
[2021.02.23-08.45.59:702][222]LogUObjectHash: Compacting FUObjectHashTables data took   1.86ms
[2021.02.23-08.45.59:710][222]LogAudioMixer: Display: Audio Mixer Platform Settings:
[2021.02.23-08.45.59:710][222]LogAudioMixer: Display: 	Sample Rate:						  48000
[2021.02.23-08.45.59:710][222]LogAudioMixer: Display: 	Callback Buffer Frame Size Requested: 1024
[2021.02.23-08.45.59:710][222]LogAudioMixer: Display: 	Callback Buffer Frame Size To Use:	  1024
[2021.02.23-08.45.59:710][222]LogAudioMixer: Display: 	Number of buffers to queue:			  2
[2021.02.23-08.45.59:710][222]LogAudioMixer: Display: 	Max Channels (voices):				  32
[2021.02.23-08.45.59:710][222]LogAudioMixer: Display: 	Number of Async Source Workers:		  0
[2021.02.23-08.45.59:711][222]LogAudio: Display: AudioDevice MaxSources: 32
[2021.02.23-08.45.59:713][222]LogAudio: Display: Using built-in audio occlusion.
[2021.02.23-08.45.59:713][222]LogAudioMixer: Display: Initializing audio mixer.
[2021.02.23-08.45.59:740][222]LogAudioMixer: Display: 0: FrontLeft
[2021.02.23-08.45.59:740][222]LogAudioMixer: Display: 1: FrontRight
[2021.02.23-08.45.59:779][222]LogAudioMixer: Display: Using Audio Device Speakers (2- High Definition Audio Device)
[2021.02.23-08.45.59:781][222]LogAudioMixer: Display: Initializing Sound Submixes...
[2021.02.23-08.45.59:781][222]LogAudioMixer: Display: Creating Master Submix 'MasterSubmixDefault'
[2021.02.23-08.45.59:781][222]LogAudioMixer: Display: Creating Master Submix 'MasterReverbSubmixDefault'
[2021.02.23-08.45.59:788][222]LogAudioMixer: Display: Creating Master Submix 'MasterEQSubmixDefault'
[2021.02.23-08.45.59:847][222]LogInit: FAudioDevice initialized.
[2021.02.23-08.46.00:019][222]LogLoad: Game class is 'ThirdPersonGameMode_C'
[2021.02.23-08.46.00:130][222]LogWorld: Bringing World /Game/ThirdPersonBP/Maps/UEDPIE_0_ThirdPersonExampleMap.ThirdPersonExampleMap up for play (max tick rate 0) at 2021.02.23-10.46.00
[2021.02.23-08.46.00:142][222]LogWorld: Bringing up level for play took: 0.039662
[2021.02.23-08.46.00:143][222]LogOnline: OSS: Creating online subsystem instance for: :Context_3
[2021.02.23-08.46.00:308][222]LogContentBrowser: Native class hierarchy updated for 'MovieSceneCapture' in 0.0045 seconds. Added 20 classes and 0 folders.
[2021.02.23-08.46.00:409][222]PIE: Server logged in
[2021.02.23-08.46.00:465][222]PIE: Play in editor total start time 1.224 seconds.
[2021.02.23-08.46.10:082][590]LogSlate: Updating window title bar state: overlay mode, drag disabled, window buttons hidden, title bar hidden
[2021.02.23-08.46.10:082][590]LogWorld: BeginTearingDown for /Game/ThirdPersonBP/Maps/UEDPIE_0_ThirdPersonExampleMap
[2021.02.23-08.46.10:104][590]LogWorld: UWorld::CleanupWorld for ThirdPersonExampleMap, bSessionEnded=true, bCleanupResources=true
[2021.02.23-08.46.10:126][590]LogSlate: InvalidateAllWidgets triggered.  All widgets were invalidated
[2021.02.23-08.46.10:182][590]LogPlayLevel: Display: Shutting down PIE online subsystems
[2021.02.23-08.46.10:200][590]LogSlate: InvalidateAllWidgets triggered.  All widgets were invalidated
[2021.02.23-08.46.10:239][590]LogSlate: Updating window title bar state: overlay mode, drag disabled, window buttons hidden, title bar hidden
[2021.02.23-08.46.10:500][590]LogAISub: UAISubsystem::~UAISubsystem AIPerceptionSystem (000001AB62336AC0), frame # 155590
[2021.02.23-08.46.10:501][590]LogAISub: UAISubsystem::~UAISubsystem EnvQueryManager (000001AB6230FE00), frame # 155590
[2021.02.23-08.46.10:554][590]LogUObjectHash: Compacting FUObjectHashTables data took   5.17ms
[2021.02.23-08.46.10:643][591]LogPlayLevel: Display: Destroying online subsystem :Context_3
[2021.02.23-08.46.13:271][699]LogUObjectHash: Compacting FUObjectHashTables data took   2.22ms
